<?xml version="1.0" encoding="UTF-8"?>
<!-- Generated by org.testng.reporters.JUnitXMLReporter -->
<testsuite ignored="0" hostname="LAPTOP-9T96KVR7" failures="0" tests="3" name="Default test" time="0.361" errors="0" timestamp="2023-05-16T02:24:46 BST">
  <testcase classname="read.excel.data.learning.ExcelDataproviderLearning" name="getData" time="0.006"/>
  <testcase classname="read.excel.data.learning.ExcelDataproviderLearning" name="getData" time="0.0"/>
  <testcase classname="read.excel.data.learning.ExcelDataproviderLearning" name="getData" time="0.001"/>
</testsuite> <!-- Default test -->
