<?xml version="1.0" encoding="UTF-8"?>
<!-- Generated by org.testng.reporters.JUnitXMLReporter -->
<testsuite ignored="0" hostname="LAPTOP-9T96KVR7" failures="0" tests="2" name="Test" time="18.343" errors="0" timestamp="2023-05-14T00:54:43 BST">
  <testcase classname="selenium.grid.learning.SeleniumGridLearning" name="GridLearningChrome" time="13.976"/>
  <testcase classname="selenium.grid.learning.SeleniumGridLearningAnotherNode" name="GridLearningFirefox" time="18.303"/>
</testsuite> <!-- Test -->
