<?xml version="1.0" encoding="UTF-8"?>
<testng-results ignored="0" total="3" passed="3" failed="0" skipped="0">
  <reporter-output>
  </reporter-output>
  <suite started-at="2023-05-16T02:24:46 BST" name="Default suite" finished-at="2023-05-16T02:24:46 BST" duration-ms="361">
    <groups>
    </groups>
    <test started-at="2023-05-16T02:24:46 BST" name="Default test" finished-at="2023-05-16T02:24:46 BST" duration-ms="361">
      <class name="read.excel.data.learning.ExcelDataproviderLearning">
        <test-method signature="getData(java.lang.String,java.lang.String,java.lang.String)[pri:0, instance:read.excel.data.learning.ExcelDataproviderLearning@350aac89]" started-at="2023-05-16T02:24:46 BST" name="getData" data-provider="driveTest" finished-at="2023-05-16T02:24:46 BST" duration-ms="6" status="PASS">
          <params>
            <param index="0">
              <value>
                <![CDATA[hello]]>
              </value>
            </param>
            <param index="1">
              <value>
                <![CDATA[text]]>
              </value>
            </param>
            <param index="2">
              <value>
                <![CDATA[1]]>
              </value>
            </param>
          </params>
          <reporter-output>
          </reporter-output>
        </test-method> <!-- getData -->
        <test-method signature="getData(java.lang.String,java.lang.String,java.lang.String)[pri:0, instance:read.excel.data.learning.ExcelDataproviderLearning@350aac89]" started-at="2023-05-16T02:24:46 BST" name="getData" data-provider="driveTest" finished-at="2023-05-16T02:24:46 BST" duration-ms="0" status="PASS">
          <params>
            <param index="0">
              <value>
                <![CDATA[bye]]>
              </value>
            </param>
            <param index="1">
              <value>
                <![CDATA[message]]>
              </value>
            </param>
            <param index="2">
              <value>
                <![CDATA[143]]>
              </value>
            </param>
          </params>
          <reporter-output>
          </reporter-output>
        </test-method> <!-- getData -->
        <test-method signature="getData(java.lang.String,java.lang.String,java.lang.String)[pri:0, instance:read.excel.data.learning.ExcelDataproviderLearning@350aac89]" started-at="2023-05-16T02:24:46 BST" name="getData" data-provider="driveTest" finished-at="2023-05-16T02:24:46 BST" duration-ms="1" status="PASS">
          <params>
            <param index="0">
              <value>
                <![CDATA[solo]]>
              </value>
            </param>
            <param index="1">
              <value>
                <![CDATA[call]]>
              </value>
            </param>
            <param index="2">
              <value>
                <![CDATA[453]]>
              </value>
            </param>
          </params>
          <reporter-output>
          </reporter-output>
        </test-method> <!-- getData -->
      </class> <!-- read.excel.data.learning.ExcelDataproviderLearning -->
    </test> <!-- Default test -->
  </suite> <!-- Default suite -->
</testng-results>
